<?xml version="1.0" encoding="UTF-8"?>
<testng-results ignored="1" total="2" passed="1" failed="0" skipped="0">
  <reporter-output>
  </reporter-output>
  <suite started-at="2023-09-15T19:14:14 IST" name="Default suite" finished-at="2023-09-15T19:14:37 IST" duration-ms="23655">
    <groups>
    </groups>
    <test started-at="2023-09-15T19:14:14 IST" name="Default test" finished-at="2023-09-15T19:14:37 IST" duration-ms="23655">
      <class name="test.testcase">
        <test-method is-config="true" signature="Start()[pri:0, instance:test.testcase@4681c175]" started-at="2023-09-15T19:14:14 IST" name="Start" finished-at="2023-09-15T19:14:18 IST" duration-ms="4126" status="PASS">
          <reporter-output>
          </reporter-output>
        </test-method> <!-- Start -->
        <test-method signature="test2()[pri:0, instance:test.testcase@4681c175]" started-at="2023-09-15T19:14:18 IST" name="test2" finished-at="2023-09-15T19:14:37 IST" duration-ms="19460" status="PASS">
          <reporter-output>
          </reporter-output>
        </test-method> <!-- test2 -->
        <test-method is-config="true" signature="Close()[pri:0, instance:test.testcase@4681c175]" started-at="2023-09-15T19:14:37 IST" name="Close" finished-at="2023-09-15T19:14:37 IST" duration-ms="0" status="PASS">
          <reporter-output>
          </reporter-output>
        </test-method> <!-- Close -->
      </class> <!-- test.testcase -->
    </test> <!-- Default test -->
  </suite> <!-- Default suite -->
</testng-results>
